#
# There is insufficient memory for the Java Runtime Environment to continue.
# Native memory allocation (malloc) failed to allocate 318016 bytes for Chunk::new
# Possible reasons:
#   The system is out of physical RAM or swap space
#   In 32 bit mode, the process size limit was hit
# Possible solutions:
#   Reduce memory load on the system
#   Increase physical memory or swap space
#   Check if swap backing store is full
#   Use 64 bit Java on a 64 bit OS
#   Decrease Java heap size (-Xmx/-Xms)
#   Decrease number of Java threads
#   Decrease Java thread stack sizes (-Xss)
#   Set larger code cache with -XX:ReservedCodeCacheSize=
# This output file may be truncated or incomplete.
#
#  Out of Memory Error (allocation.cpp:390), pid=4548, tid=0x000000000000168c
#
# JRE version: Java(TM) SE Runtime Environment (8.0_121-b13) (build 1.8.0_121-b13)
# Java VM: Java HotSpot(TM) 64-Bit Server VM (25.121-b13 mixed mode windows-amd64 compressed oops)
# Failed to write core dump. Minidumps are not enabled by default on client versions of Windows
#

---------------  T H R E A D  ---------------

Current thread (0x0000000056029800):  JavaThread "C2 CompilerThread0" daemon [_thread_in_native, id=5772, stack(0x0000000057250000,0x0000000057350000)]

Stack: [0x0000000057250000,0x0000000057350000]
[error occurred during error reporting (printing stack bounds), id 0xc0000005]

Native frames: (J=compiled Java code, j=interpreted, Vv=VM code, C=native code)


Current CompileTask:
C2:7820170 24798 %     4       com.sun.org.apache.xerces.internal.impl.xpath.regex.RegularExpression::match @ 38 (1844 bytes)


---------------  P R O C E S S  ---------------

Java Threads: ( => current thread )
  0x0000000058afc800 JavaThread "pool-152-thread-1" [_thread_blocked, id=6792, stack(0x0000000060d90000,0x0000000060e90000)]
  0x0000000058c0f000 JavaThread "Stdin handler" [_thread_blocked, id=1100, stack(0x0000000060680000,0x0000000060780000)]
  0x0000000058c15000 JavaThread "Asynchronous log dispatcher for DefaultDaemonConnection: socket connection from /127.0.0.1:50282 to /127.0.0.1:59838" [_thread_blocked, id=6308, stack(0x000000005dad0000,0x000000005dbd0000)]
  0x0000000058c14800 JavaThread "Daemon worker Thread 11" [_thread_in_Java, id=7124, stack(0x0000000062830000,0x0000000062930000)]
  0x0000000058c13800 JavaThread "Cancel handler" [_thread_blocked, id=1228, stack(0x0000000061a60000,0x0000000061b60000)]
  0x0000000058c12000 JavaThread "Handler for socket connection from /127.0.0.1:50282 to /127.0.0.1:59838" [_thread_in_native, id=6412, stack(0x000000005c950000,0x000000005ca50000)]
  0x0000000058c13000 JavaThread "Daemon Thread 11" [_thread_blocked, id=6632, stack(0x0000000058490000,0x0000000058590000)]
  0x0000000058b00000 JavaThread "pool-75-thread-1" [_thread_blocked, id=2896, stack(0x000000005b510000,0x000000005b610000)]
  0x0000000058b01000 JavaThread "pool-9-thread-4" [_thread_blocked, id=5608, stack(0x00000000618a0000,0x00000000619a0000)]
  0x0000000058b02800 JavaThread "pool-9-thread-3" [_thread_blocked, id=1104, stack(0x00000000620d0000,0x00000000621d0000)]
  0x0000000058b01800 JavaThread "pool-9-thread-2" [_thread_blocked, id=5528, stack(0x0000000061d90000,0x0000000061e90000)]
  0x0000000058afe000 JavaThread "pool-9-thread-1" [_thread_blocked, id=1856, stack(0x0000000061b90000,0x0000000061c90000)]
  0x0000000058c10800 JavaThread "pool-2-thread-1" [_thread_blocked, id=5544, stack(0x000000005d7a0000,0x000000005d8a0000)]
  0x0000000058c0e800 JavaThread "File lock request listener" [_thread_in_native, id=5540, stack(0x000000005b620000,0x000000005b720000)]
  0x00000000575a6000 JavaThread "Incoming local TCP Connector on port 50282" [_thread_in_native, id=4504, stack(0x0000000059c90000,0x0000000059d90000)]
  0x0000000058c5b800 JavaThread "pool-1-thread-1" [_thread_blocked, id=5504, stack(0x00000000598f0000,0x00000000599f0000)]
  0x000000005606f000 JavaThread "Service Thread" daemon [_thread_blocked, id=5572, stack(0x0000000057970000,0x0000000057a70000)]
  0x0000000056031000 JavaThread "C1 CompilerThread1" daemon [_thread_blocked, id=5764, stack(0x0000000057380000,0x0000000057480000)]
=>0x0000000056029800 JavaThread "C2 CompilerThread0" daemon [_thread_in_native, id=5772, stack(0x0000000057250000,0x0000000057350000)]
  0x0000000056018000 JavaThread "Attach Listener" daemon [_thread_blocked, id=5576, stack(0x0000000057120000,0x0000000057220000)]
  0x0000000055fff800 JavaThread "Signal Dispatcher" daemon [_thread_blocked, id=5784, stack(0x0000000056e70000,0x0000000056f70000)]
  0x0000000055fee800 JavaThread "Finalizer" daemon [_thread_blocked, id=2600, stack(0x0000000056f70000,0x0000000057070000)]
  0x0000000055fa4800 JavaThread "Reference Handler" daemon [_thread_blocked, id=5780, stack(0x0000000056cc0000,0x0000000056dc0000)]
  0x000000000256e000 JavaThread "main" [_thread_blocked, id=4328, stack(0x00000000025c0000,0x00000000026c0000)]

Other Threads:
  0x0000000055f9c800 VMThread [stack: 0x0000000056ac0000,0x0000000056bc0000] [id=2440]
  0x00000000574bf800 WatcherThread [stack: 0x0000000057b70000,0x0000000057c70000] [id=4320]

VM state:not at safepoint (normal execution)

VM Mutex/Monitor currently owned by a thread: None

Heap:
 PSYoungGen      total 485888K, used 57666K [0x00000000e0000000, 0x0000000100000000, 0x0000000100000000)
  eden space 450560K, 7% used [0x00000000e0000000,0x00000000e20baae0,0x00000000fb800000)
  from space 35328K, 68% used [0x00000000fdc80000,0x00000000ff416020,0x00000000fff00000)
  to   space 36864K, 0% used [0x00000000fb800000,0x00000000fb800000,0x00000000fdc00000)
 ParOldGen       total 177152K, used 57547K [0x00000000a0000000, 0x00000000aad00000, 0x00000000e0000000)
  object space 177152K, 32% used [0x00000000a0000000,0x00000000a3832d10,0x00000000aad00000)
 Metaspace       used 101651K, capacity 108886K, committed 109132K, reserved 1144832K
  class space    used 13064K, capacity 14133K, committed 14168K, reserved 1048576K

Card table byte_map: [0x0000000011b40000,0x0000000011e50000] byte_map_base: 0x0000000011640000

Marking Bits: (ParMarkBitMap*) 0x000000005e41b6d0
 Begin Bits: [0x0000000012370000, 0x0000000013b70000)
 End Bits:   [0x0000000013b70000, 0x0000000015370000)

Polling page: 0x0000000000140000

CodeCache: size=245760Kb used=61750Kb max_used=63642Kb free=184010Kb
 bounds [0x0000000002780000, 0x0000000006610000, 0x0000000011780000]
 total_blobs=19567 nmethods=18719 adapters=758
 compilation: enabled

Compilation events (10 events):
Event: 7816.793 Thread 0x0000000056029800 nmethod 24794 0x0000000003636450 code [0x00000000036366a0, 0x0000000003637ad0]
Event: 7817.316 Thread 0x0000000056029800 24795       4       org.xml.sax.helpers.AttributesImpl::setAttributes (134 bytes)
Event: 7817.332 Thread 0x0000000056029800 nmethod 24795 0x0000000005137550 code [0x0000000005137700, 0x0000000005138298]
Event: 7817.333 Thread 0x0000000056029800 24796       4       com.sun.xml.internal.bind.v2.runtime.unmarshaller.UnmarshallingContext::_startElement (84 bytes)
Event: 7817.344 Thread 0x0000000056029800 nmethod 24796 0x0000000002a68b90 code [0x0000000002a68d40, 0x0000000002a69488]
Event: 7817.638 Thread 0x0000000056031000 24797       3       com.google.common.base.Preconditions::checkPositionIndex (8 bytes)
Event: 7817.638 Thread 0x0000000056031000 nmethod 24797 0x00000000047a1490 code [0x00000000047a1620, 0x00000000047a1918]
Event: 7817.644 Thread 0x0000000056029800 24798 %     4       com.sun.org.apache.xerces.internal.impl.xpath.regex.RegularExpression::match @ 38 (1844 bytes)
Event: 7817.653 Thread 0x0000000056031000 24800       3       com.android.repository.impl.meta.TrimStringAdapter::unmarshal (64 bytes)
Event: 7817.654 Thread 0x0000000056031000 nmethod 24800 0x0000000004dde050 code [0x0000000004dde300, 0x0000000004ddf638]

GC Heap History (10 events):
Event: 4842.643 GC heap before
{Heap before GC invocations=28 (full 4):
 PSYoungGen      total 483840K, used 451901K [0x00000000e0000000, 0x0000000100000000, 0x0000000100000000)
  eden space 445440K, 99% used [0x00000000e0000000,0x00000000fb26fe80,0x00000000fb300000)
  from space 38400K, 18% used [0x00000000fb300000,0x00000000fb9df970,0x00000000fd880000)
  to   space 38400K, 0% used [0x00000000fda80000,0x00000000fda80000,0x0000000100000000)
 ParOldGen       total 177152K, used 57515K [0x00000000a0000000, 0x00000000aad00000, 0x00000000e0000000)
  object space 177152K, 32% used [0x00000000a0000000,0x00000000a382ad10,0x00000000aad00000)
 Metaspace       used 90764K, capacity 96084K, committed 98380K, reserved 1134592K
  class space    used 11641K, capacity 12527K, committed 12888K, reserved 1048576K
Event: 4842.671 GC heap after
Heap after GC invocations=28 (full 4):
 PSYoungGen      total 484864K, used 8658K [0x00000000e0000000, 0x00000000fff00000, 0x0000000100000000)
  eden space 447488K, 0% used [0x00000000e0000000,0x00000000e0000000,0x00000000fb500000)
  from space 37376K, 23% used [0x00000000fda80000,0x00000000fe2f4828,0x00000000fff00000)
  to   space 37888K, 0% used [0x00000000fb500000,0x00000000fb500000,0x00000000fda00000)
 ParOldGen       total 177152K, used 57515K [0x00000000a0000000, 0x00000000aad00000, 0x00000000e0000000)
  object space 177152K, 32% used [0x00000000a0000000,0x00000000a382ad10,0x00000000aad00000)
 Metaspace       used 90764K, capacity 96084K, committed 98380K, reserved 1134592K
  class space    used 11641K, capacity 12527K, committed 12888K, reserved 1048576K
}
Event: 5116.446 GC heap before
{Heap before GC invocations=29 (full 4):
 PSYoungGen      total 484864K, used 456146K [0x00000000e0000000, 0x00000000fff00000, 0x0000000100000000)
  eden space 447488K, 100% used [0x00000000e0000000,0x00000000fb500000,0x00000000fb500000)
  from space 37376K, 23% used [0x00000000fda80000,0x00000000fe2f4828,0x00000000fff00000)
  to   space 37888K, 0% used [0x00000000fb500000,0x00000000fb500000,0x00000000fda00000)
 ParOldGen       total 177152K, used 57515K [0x00000000a0000000, 0x00000000aad00000, 0x00000000e0000000)
  object space 177152K, 32% used [0x00000000a0000000,0x00000000a382ad10,0x00000000aad00000)
 Metaspace       used 91119K, capacity 96650K, committed 98380K, reserved 1134592K
  class space    used 11670K, capacity 12566K, committed 12888K, reserved 1048576K
Event: 5116.758 GC heap after
Heap after GC invocations=29 (full 4):
 PSYoungGen      total 485376K, used 6625K [0x00000000e0000000, 0x00000000fff80000, 0x0000000100000000)
  eden space 447488K, 0% used [0x00000000e0000000,0x00000000e0000000,0x00000000fb500000)
  from space 37888K, 17% used [0x00000000fb500000,0x00000000fbb78460,0x00000000fda00000)
  to   space 37376K, 0% used [0x00000000fdb00000,0x00000000fdb00000,0x00000000fff80000)
 ParOldGen       total 177152K, used 57523K [0x00000000a0000000, 0x00000000aad00000, 0x00000000e0000000)
  object space 177152K, 32% used [0x00000000a0000000,0x00000000a382cd10,0x00000000aad00000)
 Metaspace       used 91119K, capacity 96650K, committed 98380K, reserved 1134592K
  class space    used 11670K, capacity 12566K, committed 12888K, reserved 1048576K
}
Event: 5149.378 GC heap before
{Heap before GC invocations=30 (full 4):
 PSYoungGen      total 485376K, used 453941K [0x00000000e0000000, 0x00000000fff80000, 0x0000000100000000)
  eden space 447488K, 99% used [0x00000000e0000000,0x00000000fb4d52e0,0x00000000fb500000)
  from space 37888K, 17% used [0x00000000fb500000,0x00000000fbb78460,0x00000000fda00000)
  to   space 37376K, 0% used [0x00000000fdb00000,0x00000000fdb00000,0x00000000fff80000)
 ParOldGen       total 177152K, used 57523K [0x00000000a0000000, 0x00000000aad00000, 0x00000000e0000000)
  object space 177152K, 32% used [0x00000000a0000000,0x00000000a382cd10,0x00000000aad00000)
 Metaspace       used 92064K, capacity 97690K, committed 98380K, reserved 1134592K
  class space    used 11762K, capacity 12684K, committed 12888K, reserved 1048576K
Event: 5149.397 GC heap after
Heap after GC invocations=30 (full 4):
 PSYoungGen      total 484352K, used 19148K [0x00000000e0000000, 0x00000000ffd80000, 0x0000000100000000)
  eden space 449024K, 0% used [0x00000000e0000000,0x00000000e0000000,0x00000000fb680000)
  from space 35328K, 54% used [0x00000000fdb00000,0x00000000fedb3180,0x00000000ffd80000)
  to   space 36352K, 0% used [0x00000000fb680000,0x00000000fb680000,0x00000000fda00000)
 ParOldGen       total 177152K, used 57531K [0x00000000a0000000, 0x00000000aad00000, 0x00000000e0000000)
  object space 177152K, 32% used [0x00000000a0000000,0x00000000a382ed10,0x00000000aad00000)
 Metaspace       used 92064K, capacity 97690K, committed 98380K, reserved 1134592K
  class space    used 11762K, capacity 12684K, committed 12888K, reserved 1048576K
}
Event: 7738.062 GC heap before
{Heap before GC invocations=31 (full 4):
 PSYoungGen      total 484352K, used 468172K [0x00000000e0000000, 0x00000000ffd80000, 0x0000000100000000)
  eden space 449024K, 100% used [0x00000000e0000000,0x00000000fb680000,0x00000000fb680000)
  from space 35328K, 54% used [0x00000000fdb00000,0x00000000fedb3180,0x00000000ffd80000)
  to   space 36352K, 0% used [0x00000000fb680000,0x00000000fb680000,0x00000000fda00000)
 ParOldGen       total 177152K, used 57531K [0x00000000a0000000, 0x00000000aad00000, 0x00000000e0000000)
  object space 177152K, 32% used [0x00000000a0000000,0x00000000a382ed10,0x00000000aad00000)
 Metaspace       used 95448K, capacity 102096K, committed 102348K, reserved 1138688K
  class space    used 12213K, capacity 13203K, committed 13272K, reserved 1048576K
Event: 7738.076 GC heap after
Heap after GC invocations=31 (full 4):
 PSYoungGen      total 485376K, used 9144K [0x00000000e0000000, 0x00000000fff00000, 0x0000000100000000)
  eden space 449024K, 0% used [0x00000000e0000000,0x00000000e0000000,0x00000000fb680000)
  from space 36352K, 25% used [0x00000000fb680000,0x00000000fbf6e158,0x00000000fda00000)
  to   space 35328K, 0% used [0x00000000fdc80000,0x00000000fdc80000,0x00000000fff00000)
 ParOldGen       total 177152K, used 57539K [0x00000000a0000000, 0x00000000aad00000, 0x00000000e0000000)
  object space 177152K, 32% used [0x00000000a0000000,0x00000000a3830d10,0x00000000aad00000)
 Metaspace       used 95448K, capacity 102096K, committed 102348K, reserved 1138688K
  class space    used 12213K, capacity 13203K, committed 13272K, reserved 1048576K
}
Event: 7814.388 GC heap before
{Heap before GC invocations=32 (full 4):
 PSYoungGen      total 485376K, used 458168K [0x00000000e0000000, 0x00000000fff00000, 0x0000000100000000)
  eden space 449024K, 100% used [0x00000000e0000000,0x00000000fb680000,0x00000000fb680000)
  from space 36352K, 25% used [0x00000000fb680000,0x00000000fbf6e158,0x00000000fda00000)
  to   space 35328K, 0% used [0x00000000fdc80000,0x00000000fdc80000,0x00000000fff00000)
 ParOldGen       total 177152K, used 57539K [0x00000000a0000000, 0x00000000aad00000, 0x00000000e0000000)
  object space 177152K, 32% used [0x00000000a0000000,0x00000000a3830d10,0x00000000aad00000)
 Metaspace       used 101630K, capacity 108856K, committed 109132K, reserved 1144832K
  class space    used 13062K, capacity 14128K, committed 14168K, reserved 1048576K
Event: 7816.273 GC heap after
Heap after GC invocations=32 (full 4):
 PSYoungGen      total 485888K, used 24152K [0x00000000e0000000, 0x0000000100000000, 0x0000000100000000)
  eden space 450560K, 0% used [0x00000000e0000000,0x00000000e0000000,0x00000000fb800000)
  from space 35328K, 68% used [0x00000000fdc80000,0x00000000ff416020,0x00000000fff00000)
  to   space 36864K, 0% used [0x00000000fb800000,0x00000000fb800000,0x00000000fdc00000)
 ParOldGen       total 177152K, used 57547K [0x00000000a0000000, 0x00000000aad00000, 0x00000000e0000000)
  object space 177152K, 32% used [0x00000000a0000000,0x00000000a3832d10,0x00000000aad00000)
 Metaspace       used 101630K, capacity 108856K, committed 109132K, reserved 1144832K
  class space    used 13062K, capacity 14128K, committed 14168K, reserved 1048576K
}

Deoptimization events (10 events):
Event: 7812.504 Thread 0x0000000058c14800 Uncommon trap: reason=unstable_if action=reinterpret pc=0x000000000617f594 method=com.sun.org.apache.xerces.internal.impl.XMLScanner.scanAttributeValue(Lcom/sun/org/apache/xerces/internal/xni/XMLString;Lcom/sun/org/apache/xerces/internal/xni/XMLString;Lja
Event: 7812.507 Thread 0x0000000058c14800 Uncommon trap: reason=unstable_if action=reinterpret pc=0x000000000464df98 method=com.sun.org.apache.xerces.internal.util.URI.initialize(Lcom/sun/org/apache/xerces/internal/util/URI;Ljava/lang/String;Z)V @ 281
Event: 7812.507 Thread 0x0000000058c14800 Uncommon trap: reason=class_check action=maybe_recompile pc=0x000000000594c610 method=com.sun.org.apache.xerces.internal.impl.XMLScanner.reset(Lcom/sun/org/apache/xerces/internal/xni/parser/XMLComponentManager;)V @ 5
Event: 7812.517 Thread 0x0000000058c14800 Uncommon trap: reason=unstable_if action=reinterpret pc=0x0000000005faf358 method=java.util.Vector.removeAllElements()V @ 17
Event: 7812.525 Thread 0x0000000058c14800 Uncommon trap: reason=class_check action=maybe_recompile pc=0x000000000594c610 method=com.sun.org.apache.xerces.internal.impl.XMLScanner.reset(Lcom/sun/org/apache/xerces/internal/xni/parser/XMLComponentManager;)V @ 5
Event: 7812.530 Thread 0x0000000058c14800 Uncommon trap: reason=class_check action=maybe_recompile pc=0x000000000594c610 method=com.sun.org.apache.xerces.internal.impl.XMLScanner.reset(Lcom/sun/org/apache/xerces/internal/xni/parser/XMLComponentManager;)V @ 5
Event: 7814.205 Thread 0x0000000058c14800 Uncommon trap: reason=class_check action=maybe_recompile pc=0x000000000572b7b4 method=sun.reflect.DelegatingConstructorAccessorImpl.newInstance([Ljava/lang/Object;)Ljava/lang/Object; @ 5
Event: 7814.205 Thread 0x0000000058c14800 Uncommon trap: reason=class_check action=maybe_recompile pc=0x000000000572b7b4 method=sun.reflect.DelegatingConstructorAccessorImpl.newInstance([Ljava/lang/Object;)Ljava/lang/Object; @ 5
Event: 7814.205 Thread 0x0000000058c14800 Uncommon trap: reason=class_check action=maybe_recompile pc=0x000000000572b7b4 method=sun.reflect.DelegatingConstructorAccessorImpl.newInstance([Ljava/lang/Object;)Ljava/lang/Object; @ 5
Event: 7814.205 Thread 0x0000000058c14800 Uncommon trap: reason=class_check action=maybe_recompile pc=0x000000000572b7b4 method=sun.reflect.DelegatingConstructorAccessorImpl.newInstance([Ljava/lang/Object;)Ljava/lang/Object; @ 5

Internal exceptions (10 events):
Event: 7814.096 Thread 0x0000000058c14800 Exception <a 'sun/nio/fs/WindowsException'> (0x00000000f90c1278) thrown at [C:\re\workspace\8-2-build-windows-amd64-cygwin\jdk8u121\8372\hotspot\src\share\vm\prims\jni.cpp, line 709]
Event: 7814.096 Thread 0x0000000058c14800 Exception <a 'sun/nio/fs/WindowsException'> (0x00000000f90c1bf8) thrown at [C:\re\workspace\8-2-build-windows-amd64-cygwin\jdk8u121\8372\hotspot\src\share\vm\prims\jni.cpp, line 709]
Event: 7814.096 Thread 0x0000000058c14800 Exception <a 'sun/nio/fs/WindowsException'> (0x00000000f90c4968) thrown at [C:\re\workspace\8-2-build-windows-amd64-cygwin\jdk8u121\8372\hotspot\src\share\vm\prims\jni.cpp, line 709]
Event: 7814.096 Thread 0x0000000058c14800 Exception <a 'sun/nio/fs/WindowsException'> (0x00000000f90c52a8) thrown at [C:\re\workspace\8-2-build-windows-amd64-cygwin\jdk8u121\8372\hotspot\src\share\vm\prims\jni.cpp, line 709]
Event: 7814.096 Thread 0x0000000058c14800 Exception <a 'sun/nio/fs/WindowsException'> (0x00000000f90c6dc0) thrown at [C:\re\workspace\8-2-build-windows-amd64-cygwin\jdk8u121\8372\hotspot\src\share\vm\prims\jni.cpp, line 709]
Event: 7814.096 Thread 0x0000000058c14800 Exception <a 'sun/nio/fs/WindowsException'> (0x00000000f90c7710) thrown at [C:\re\workspace\8-2-build-windows-amd64-cygwin\jdk8u121\8372\hotspot\src\share\vm\prims\jni.cpp, line 709]
Event: 7814.097 Thread 0x0000000058c14800 Exception <a 'sun/nio/fs/WindowsException'> (0x00000000f90c9d00) thrown at [C:\re\workspace\8-2-build-windows-amd64-cygwin\jdk8u121\8372\hotspot\src\share\vm\prims\jni.cpp, line 709]
Event: 7814.097 Thread 0x0000000058c14800 Exception <a 'sun/nio/fs/WindowsException'> (0x00000000f90ca670) thrown at [C:\re\workspace\8-2-build-windows-amd64-cygwin\jdk8u121\8372\hotspot\src\share\vm\prims\jni.cpp, line 709]
Event: 7814.097 Thread 0x0000000058c14800 Exception <a 'sun/nio/fs/WindowsException'> (0x00000000f90cc200) thrown at [C:\re\workspace\8-2-build-windows-amd64-cygwin\jdk8u121\8372\hotspot\src\share\vm\prims\jni.cpp, line 709]
Event: 7814.097 Thread 0x0000000058c14800 Exception <a 'sun/nio/fs/WindowsException'> (0x00000000f90ccbc8) thrown at [C:\re\workspace\8-2-build-windows-amd64-cygwin\jdk8u121\8372\hotspot\src\share\vm\prims\jni.cpp, line 709]

Events (10 events):
Event: 7816.535 Thread 0x0000000056029800 flushing nmethod 0x000000000398be90
Event: 7816.535 Thread 0x0000000056029800 flushing nmethod 0x0000000003a85c50
Event: 7816.657 Thread 0x0000000056029800 flushing nmethod 0x0000000003f06d50
Event: 7816.679 Thread 0x0000000056031000 flushing nmethod 0x00000000040ef4d0
Event: 7816.794 Thread 0x0000000056029800 flushing nmethod 0x0000000004a9d650
Event: 7816.794 Thread 0x0000000056029800 flushing nmethod 0x0000000004aa91d0
Event: 7816.794 Thread 0x0000000056029800 flushing nmethod 0x0000000004aa9550
Event: 7817.332 Thread 0x0000000056029800 flushing nmethod 0x0000000004c3a890
Event: 7817.333 Thread 0x0000000056029800 flushing nmethod 0x0000000004fc5850
Event: 7817.344 Thread 0x0000000056029800 flushing nmethod 0x000000000502b890


Dynamic libraries:
0x000000013fb30000 - 0x000000013fb67000 	C:\MySoftware\JAVA\JDK\bin\java.exe
0x0000000077be0000 - 0x0000000077d8b000 	C:\windows\SYSTEM32\ntdll.dll
0x0000000077980000 - 0x0000000077a9f000 	C:\windows\system32\kernel32.dll
0x000007fefdbb0000 - 0x000007fefdc1b000 	C:\windows\system32\KERNELBASE.dll
0x000007feff0b0000 - 0x000007feff18b000 	C:\windows\system32\ADVAPI32.dll
0x000007fefe1e0000 - 0x000007fefe27f000 	C:\windows\system32\msvcrt.dll
0x000007feffa00000 - 0x000007feffa1f000 	C:\windows\SYSTEM32\sechost.dll
0x000007feff7f0000 - 0x000007feff91e000 	C:\windows\system32\RPCRT4.dll
0x0000000077880000 - 0x000000007797a000 	C:\windows\system32\USER32.dll
0x000007feff970000 - 0x000007feff9d7000 	C:\windows\system32\GDI32.dll
0x000007feffce0000 - 0x000007feffcee000 	C:\windows\system32\LPK.dll
0x000007fefdd80000 - 0x000007fefde4a000 	C:\windows\system32\USP10.dll
0x000007fefc3f0000 - 0x000007fefc5e4000 	C:\windows\WinSxS\amd64_microsoft.windows.common-controls_6595b64144ccf1df_6.0.7600.16385_none_fa645303170382f6\COMCTL32.dll
0x000007feffba0000 - 0x000007feffc11000 	C:\windows\system32\SHLWAPI.dll
0x000007feffc20000 - 0x000007feffc4e000 	C:\windows\system32\IMM32.DLL
0x000007feffd00000 - 0x000007feffe09000 	C:\windows\system32\MSCTF.dll
0x000000006bbf0000 - 0x000000006bcc2000 	C:\MySoftware\JAVA\JDK\jre\bin\msvcr100.dll
0x000000005dc00000 - 0x000000005e49b000 	C:\MySoftware\JAVA\JDK\jre\bin\server\jvm.dll
0x000007feed500000 - 0x000007feed509000 	C:\windows\system32\WSOCK32.dll
0x000007feff620000 - 0x000007feff66d000 	C:\windows\system32\WS2_32.dll
0x000007feffcf0000 - 0x000007feffcf8000 	C:\windows\system32\NSI.dll
0x000007fefdc20000 - 0x000007fefdc5b000 	C:\windows\system32\WINMM.dll
0x000007fefca80000 - 0x000007fefca8c000 	C:\windows\system32\VERSION.dll
0x0000000077db0000 - 0x0000000077db7000 	C:\windows\system32\PSAPI.DLL
0x000000006e9b0000 - 0x000000006e9bf000 	C:\MySoftware\JAVA\JDK\jre\bin\verify.dll
0x000000006e8c0000 - 0x000000006e8e9000 	C:\MySoftware\JAVA\JDK\jre\bin\java.dll
0x000000006e900000 - 0x000000006e916000 	C:\MySoftware\JAVA\JDK\jre\bin\zip.dll
0x000007fefe320000 - 0x000007feff0a6000 	C:\windows\system32\SHELL32.dll
0x000007feff370000 - 0x000007feff571000 	C:\windows\system32\ole32.dll
0x000007fefd910000 - 0x000007fefd91f000 	C:\windows\system32\profapi.dll
0x000000006e8a0000 - 0x000000006e8ba000 	C:\MySoftware\JAVA\JDK\jre\bin\net.dll
0x000007fefd140000 - 0x000007fefd194000 	C:\windows\system32\mswsock.dll
0x000007fefd130000 - 0x000007fefd137000 	C:\windows\System32\wship6.dll
0x000000006e690000 - 0x000000006e6a1000 	C:\MySoftware\JAVA\JDK\jre\bin\nio.dll
0x000007fef23b0000 - 0x000007fef23ce000 	C:\Users\li\.gradle\native\23\windows-amd64\native-platform.dll
0x000007fefd1a0000 - 0x000007fefd1b7000 	C:\windows\system32\CRYPTSP.dll
0x000007fefcea0000 - 0x000007fefcee7000 	C:\windows\system32\rsaenh.dll
0x000007fefcc60000 - 0x000007fefcc7e000 	C:\windows\system32\USERENV.dll
0x000007fefd840000 - 0x000007fefd84f000 	C:\windows\system32\CRYPTBASE.dll
0x000007fefb0d0000 - 0x000007fefb0f7000 	C:\windows\system32\IPHLPAPI.DLL
0x000007fefb0c0000 - 0x000007fefb0cb000 	C:\windows\system32\WINNSI.DLL
0x000007fefaed0000 - 0x000007fefaee1000 	C:\windows\system32\dhcpcsvc6.DLL
0x000007fefaeb0000 - 0x000007fefaec8000 	C:\windows\system32\dhcpcsvc.DLL
0x000000006e9c0000 - 0x000000006e9cd000 	C:\MySoftware\JAVA\JDK\jre\bin\management.dll
0x000007fefd7a0000 - 0x000007fefd7f7000 	C:\windows\system32\apphelp.dll
0x000000006c160000 - 0x000000006c184000 	C:\MySoftware\JAVA\JDK\jre\bin\sunec.dll
0x000000006e8f0000 - 0x000000006e8fb000 	C:\MySoftware\JAVA\JDK\jre\bin\sunmscapi.dll
0x000007fefda00000 - 0x000007fefdb66000 	C:\windows\system32\CRYPT32.dll
0x000007fefd9b0000 - 0x000007fefd9bf000 	C:\windows\system32\MSASN1.dll
0x000007fefcb50000 - 0x000007fefcb57000 	C:\windows\System32\wshtcpip.dll
0x000007fefcfc0000 - 0x000007fefd01b000 	C:\windows\system32\DNSAPI.dll
0x000007fef8f50000 - 0x000007fef8f58000 	C:\windows\system32\rasadhlp.dll
0x000007fefaf70000 - 0x000007fefafc3000 	C:\windows\System32\fwpuclnt.dll

VM Arguments:
jvm_args: -Xmx1536m -Dfile.encoding=GBK -Duser.country=CN -Duser.language=zh -Duser.variant 
java_command: org.gradle.launcher.daemon.bootstrap.GradleDaemon 3.3
java_class_path (initial): C:\Users\li\.gradle\wrapper\dists\gradle-3.3-all\55gk2rcmfc6p2dg9u9ohc3hw9\gradle-3.3\lib\gradle-launcher-3.3.jar
Launcher Type: SUN_STANDARD

Environment Variables:
JAVA_HOME=C:\MySoftware\JAVA\JDK\bin
JRE_HOME=C:\MySoftware\JAVA\JRE
PATH=C:\ProgramData\Oracle\Java\javapath;C:\MySoftware\JAVA\JDK\bin;C:\windows\system32;C:\windows;C:\windows\System32\Wbem;C:\windows\System32\WindowsPowerShell\v1.0\;C:\Program Files (x86)\MySQL\MySQL Server 5.5\bin;C:\MySoftware\Git\Git\cmd
USERNAME=li
OS=Windows_NT
PROCESSOR_IDENTIFIER=Intel64 Family 6 Model 60 Stepping 3, GenuineIntel



---------------  S Y S T E M  ---------------

OS: Windows 7 , 64 bit Build 7600 (6.1.7600.16385)

CPU:total 2 (2 cores per cpu, 1 threads per core) family 6 model 60 stepping 3, cmov, cx8, fxsr, mmx, sse, sse2, sse3, ssse3, sse4.1, sse4.2, popcnt, clmul, erms, lzcnt, tsc, tscinvbit

Memory: 4k page, physical 8261084k(502188k free), swap 10356340k(3728k free)

vm_info: Java HotSpot(TM) 64-Bit Server VM (25.121-b13) for windows-amd64 JRE (1.8.0_121-b13), built on Dec 12 2016 18:21:36 by "java_re" with MS VC++ 10.0 (VS2010)

time: Thu Jul 27 11:23:53 2017
elapsed time: 7817 seconds (0d 2h 10m 17s)

